<?xml version="1.0" encoding="UTF-8"?>
<!-- Generated by org.testng.reporters.JUnitXMLReporter -->
<testsuite ignored="0" hostname="MacBook-Air-2.local" failures="0" tests="4" name="Test" time="89.059" errors="0" timestamp="2025-06-04T21:27:40 IST">
  <testcase classname="testcases.DashboardTest" name="testSearchFunctionality" time="14.349"/>
  <testcase classname="testcases.DashboardTest" name="testSearchFunctionality" time="22.541"/>
  <testcase classname="testcases.DashboardTest" name="testSearchFunctionality" time="23.665"/>
  <testcase classname="testcases.DashboardTest" name="testSearchFunctionality" time="22.501"/>
</testsuite> <!-- Test -->
