<?xml version="1.0" encoding="UTF-8"?>
<testsuite xmlns:xsi="http://www.w3.org/2001/XMLSchema-instance" xsi:noNamespaceSchemaLocation="https://maven.apache.org/surefire/maven-surefire-plugin/xsd/surefire-test-report-3.0.xsd" version="3.0" name="TestSuite" time="89.879" tests="4" errors="0" skipped="0" failures="0">
  <properties>
[...]
</properties>
  <testcase name="testSearchFunctionality[](1)" classname="testcases.DashboardTest" time="14.333">
    <system-out><![CDATA[Terms accepted successfully.
Number of boxes found: 67
Keyword  - 
Dates found: 2004-01-15 and 2003-06-30
Months Difference: 7
Days Difference: 199

]]></system-out>
    <system-err><![CDATA[SLF4J: Failed to load class "org.slf4j.impl.StaticLoggerBinder".
SLF4J: Defaulting to no-operation (NOP) logger implementation
SLF4J: See http://www.slf4j.org/codes.html#StaticLoggerBinder for further details.
Jun 04, 2025 9:26:14 PM org.openqa.selenium.devtools.CdpVersionFinder findNearestMatch
WARNING: Unable to find CDP implementation matching 137
Jun 04, 2025 9:26:14 PM org.openqa.selenium.chromium.ChromiumDriver lambda$new$5
WARNING: Unable to find version of CDP to use for 137.0.7151.57. You may need to include a dependency on a specific version of the CDP using something similar to `org.seleniumhq.selenium:selenium-devtools-v86:4.25.0` where the version ("v86") matches the version of the chromium-based browser you're using and the version number of the artifact is the same as Selenium's.
]]></system-err>
  </testcase>
  <testcase name="testSearchFunctionality[](2)" classname="testcases.DashboardTest" time="22.533">
    <system-out><![CDATA[Number of boxes found: 63
Keyword  - 
Dates found: 2009-02-27 and 2010-03-09
Months Difference: 13
Days Difference: 375

]]></system-out>
  </testcase>
  <testcase name="testSearchFunctionality[](3)" classname="testcases.DashboardTest" time="23.665">
    <system-out><![CDATA[Number of boxes found: 113
Keyword  - 
Dates found: 2002-10-21 and 2006-06-30
Months Difference: 44
Days Difference: 1348

]]></system-out>
  </testcase>
  <testcase name="testSearchFunctionality[](4)" classname="testcases.DashboardTest" time="22.501">
    <system-out><![CDATA[Number of boxes found: 67
Keyword  - 
Dates found: 2004-01-15 and 2003-06-30
Months Difference: 7
Days Difference: 199

]]></system-out>
  </testcase>
</testsuite>