<?xml version="1.0" encoding="UTF-8"?>
<testng-results ignored="0" total="4" passed="4" failed="0" skipped="0">
  <reporter-output>
  </reporter-output>
  <suite started-at="2025-06-04T21:26:11 IST" name="Suite" finished-at="2025-06-04T21:27:40 IST" duration-ms="89059">
    <groups>
    </groups>
    <test started-at="2025-06-04T21:26:11 IST" name="Test" finished-at="2025-06-04T21:27:40 IST" duration-ms="89059">
      <class name="testcases.DashboardTest">
        <test-method is-config="true" signature="Propload()[pri:0, instance:testcases.DashboardTest@6c64cb25]" started-at="2025-06-04T21:26:11 IST" name="Propload" finished-at="2025-06-04T21:26:11 IST" duration-ms="12" status="PASS">
          <reporter-output>
          </reporter-output>
        </test-method> <!-- Propload -->
        <test-method is-config="true" signature="setUpBrowser()[pri:0, instance:testcases.DashboardTest@6c64cb25]" started-at="2025-06-04T21:26:11 IST" name="setUpBrowser" finished-at="2025-06-04T21:26:17 IST" duration-ms="5721" status="PASS">
          <reporter-output>
          </reporter-output>
        </test-method> <!-- setUpBrowser -->
        <test-method is-config="true" signature="setup()[pri:0, instance:testcases.DashboardTest@6c64cb25]" started-at="2025-06-04T21:26:17 IST" name="setup" finished-at="2025-06-04T21:26:17 IST" duration-ms="15" status="PASS">
          <reporter-output>
          </reporter-output>
        </test-method> <!-- setup -->
        <test-method signature="testSearchFunctionality(java.lang.String)[pri:0, instance:testcases.DashboardTest@6c64cb25]" started-at="2025-06-04T21:26:17 IST" name="testSearchFunctionality" data-provider="searchKeywords" finished-at="2025-06-04T21:26:31 IST" duration-ms="14349" status="PASS">
          <params>
            <param index="0">
              <value>
                <![CDATA[]]>
              </value>
            </param>
          </params>
          <reporter-output>
          </reporter-output>
        </test-method> <!-- testSearchFunctionality -->
        <test-method signature="testSearchFunctionality(java.lang.String)[pri:0, instance:testcases.DashboardTest@6c64cb25]" started-at="2025-06-04T21:26:31 IST" name="testSearchFunctionality" data-provider="searchKeywords" finished-at="2025-06-04T21:26:54 IST" duration-ms="22541" status="PASS">
          <params>
            <param index="0">
              <value>
                <![CDATA[]]>
              </value>
            </param>
          </params>
          <reporter-output>
          </reporter-output>
        </test-method> <!-- testSearchFunctionality -->
        <test-method signature="testSearchFunctionality(java.lang.String)[pri:0, instance:testcases.DashboardTest@6c64cb25]" started-at="2025-06-04T21:26:54 IST" name="testSearchFunctionality" data-provider="searchKeywords" finished-at="2025-06-04T21:27:18 IST" duration-ms="23665" status="PASS">
          <params>
            <param index="0">
              <value>
                <![CDATA[]]>
              </value>
            </param>
          </params>
          <reporter-output>
          </reporter-output>
        </test-method> <!-- testSearchFunctionality -->
        <test-method signature="testSearchFunctionality(java.lang.String)[pri:0, instance:testcases.DashboardTest@6c64cb25]" started-at="2025-06-04T21:27:18 IST" name="testSearchFunctionality" data-provider="searchKeywords" finished-at="2025-06-04T21:27:40 IST" duration-ms="22501" status="PASS">
          <params>
            <param index="0">
              <value>
                <![CDATA[]]>
              </value>
            </param>
          </params>
          <reporter-output>
          </reporter-output>
        </test-method> <!-- testSearchFunctionality -->
        <test-method is-config="true" signature="tearDownBrowser()[pri:0, instance:testcases.DashboardTest@6c64cb25]" started-at="2025-06-04T21:27:40 IST" name="tearDownBrowser" finished-at="2025-06-04T21:27:40 IST" duration-ms="172" status="PASS">
          <reporter-output>
          </reporter-output>
        </test-method> <!-- tearDownBrowser -->
      </class> <!-- testcases.DashboardTest -->
    </test> <!-- Test -->
  </suite> <!-- Suite -->
</testng-results>
