<?xml version="1.0" encoding="UTF-8"?>
<testng-results ignored="0" total="5" passed="3" failed="2" skipped="0">
  <reporter-output>
  </reporter-output>
  <suite started-at="2025-05-29T16:23:06 IST" name="Default suite" finished-at="2025-05-29T16:24:27 IST" duration-ms="80639">
    <groups>
    </groups>
    <test started-at="2025-05-29T16:23:06 IST" name="Default test" finished-at="2025-05-29T16:24:27 IST" duration-ms="80639">
      <class name="testcases.DashboardTest">
        <test-method is-config="true" signature="Propload()[pri:0, instance:testcases.DashboardTest@ae13544]" started-at="2025-05-29T16:23:06 IST" name="Propload" finished-at="2025-05-29T16:23:06 IST" duration-ms="18" status="PASS">
          <reporter-output>
          </reporter-output>
        </test-method> <!-- Propload -->
        <test-method is-config="true" signature="setUpBrowser()[pri:0, instance:testcases.DashboardTest@ae13544]" started-at="2025-05-29T16:23:06 IST" name="setUpBrowser" finished-at="2025-05-29T16:23:12 IST" duration-ms="5391" status="PASS">
          <reporter-output>
          </reporter-output>
        </test-method> <!-- setUpBrowser -->
        <test-method is-config="true" signature="setup()[pri:0, instance:testcases.DashboardTest@ae13544]" started-at="2025-05-29T16:23:12 IST" name="setup" finished-at="2025-05-29T16:23:12 IST" duration-ms="10" status="PASS">
          <reporter-output>
          </reporter-output>
        </test-method> <!-- setup -->
        <test-method signature="testSearchFunctionality(java.lang.String)[pri:0, instance:testcases.DashboardTest@ae13544]" started-at="2025-05-29T16:23:12 IST" name="testSearchFunctionality" data-provider="searchKeywords" finished-at="2025-05-29T16:23:24 IST" duration-ms="12411" status="PASS">
          <params>
            <param index="0">
              <value>
                <![CDATA[rop]]>
              </value>
            </param>
          </params>
          <reporter-output>
          </reporter-output>
        </test-method> <!-- testSearchFunctionality -->
        <test-method signature="testSearchFunctionality(java.lang.String)[pri:0, instance:testcases.DashboardTest@ae13544]" started-at="2025-05-29T16:23:24 IST" name="testSearchFunctionality" data-provider="searchKeywords" finished-at="2025-05-29T16:23:45 IST" duration-ms="21142" status="PASS">
          <params>
            <param index="0">
              <value>
                <![CDATA[para]]>
              </value>
            </param>
          </params>
          <reporter-output>
          </reporter-output>
        </test-method> <!-- testSearchFunctionality -->
        <test-method signature="testSearchFunctionality(java.lang.String)[pri:0, instance:testcases.DashboardTest@ae13544]" started-at="2025-05-29T16:23:45 IST" name="testSearchFunctionality" data-provider="searchKeywords" finished-at="2025-05-29T16:24:06 IST" duration-ms="20850" status="PASS">
          <params>
            <param index="0">
              <value>
                <![CDATA[]]>
              </value>
            </param>
          </params>
          <reporter-output>
          </reporter-output>
        </test-method> <!-- testSearchFunctionality -->
        <test-method signature="testSearchFunctionality(java.lang.String)[pri:0, instance:testcases.DashboardTest@ae13544]" started-at="2025-05-29T16:24:06 IST" name="testSearchFunctionality" data-provider="searchKeywords" finished-at="2025-05-29T16:24:17 IST" duration-ms="10274" status="FAIL">
          <params>
            <param index="0">
              <value>
                <![CDATA[abcd]]>
              </value>
            </param>
          </params>
          <exception class="java.lang.AssertionError">
            <message>
              <![CDATA[No patent for this keyword: abcd]]>
            </message>
            <full-stacktrace>
              <![CDATA[java.lang.AssertionError: No patent for this keyword: abcd
at org.testng.Assert.fail(Assert.java:111)
at testcases.DashboardTest.testSearchFunctionality(DashboardTest.java:62)
at java.base/jdk.internal.reflect.DirectMethodHandleAccessor.invoke(DirectMethodHandleAccessor.java:103)
at java.base/java.lang.reflect.Method.invoke(Method.java:580)
at org.testng.internal.invokers.MethodInvocationHelper.invokeMethod(MethodInvocationHelper.java:141)
at org.testng.internal.invokers.TestInvoker.invokeMethod(TestInvoker.java:686)
at org.testng.internal.invokers.TestInvoker.invokeTestMethod(TestInvoker.java:230)
at org.testng.internal.invokers.MethodRunner.runInSequence(MethodRunner.java:63)
at org.testng.internal.invokers.TestInvoker$MethodInvocationAgent.invoke(TestInvoker.java:992)
at org.testng.internal.invokers.TestInvoker.invokeTestMethods(TestInvoker.java:203)
at org.testng.internal.invokers.TestMethodWorker.invokeTestMethods(TestMethodWorker.java:154)
at org.testng.internal.invokers.TestMethodWorker.run(TestMethodWorker.java:134)
at java.base/java.util.ArrayList.forEach(ArrayList.java:1597)
at org.testng.TestRunner.privateRun(TestRunner.java:739)
at org.testng.TestRunner.run(TestRunner.java:614)
at org.testng.SuiteRunner.runTest(SuiteRunner.java:421)
at org.testng.SuiteRunner.runSequentially(SuiteRunner.java:413)
at org.testng.SuiteRunner.privateRun(SuiteRunner.java:373)
at org.testng.SuiteRunner.run(SuiteRunner.java:312)
at org.testng.SuiteRunnerWorker.runSuite(SuiteRunnerWorker.java:52)
at org.testng.SuiteRunnerWorker.run(SuiteRunnerWorker.java:95)
at org.testng.TestNG.runSuitesSequentially(TestNG.java:1274)
at org.testng.TestNG.runSuitesLocally(TestNG.java:1208)
at org.testng.TestNG.runSuites(TestNG.java:1112)
at org.testng.TestNG.run(TestNG.java:1079)
at org.testng.remote.AbstractRemoteTestNG.run(AbstractRemoteTestNG.java:115)
at org.testng.remote.RemoteTestNG.initAndRun(RemoteTestNG.java:293)
at org.testng.remote.RemoteTestNG.main(RemoteTestNG.java:91)
]]>
            </full-stacktrace>
          </exception> <!-- java.lang.AssertionError -->
          <reporter-output>
          </reporter-output>
        </test-method> <!-- testSearchFunctionality -->
        <test-method signature="testSearchFunctionality(java.lang.String)[pri:0, instance:testcases.DashboardTest@ae13544]" started-at="2025-05-29T16:24:17 IST" name="testSearchFunctionality" data-provider="searchKeywords" finished-at="2025-05-29T16:24:27 IST" duration-ms="10257" status="FAIL">
          <params>
            <param index="0">
              <value>
                <![CDATA[Jon]]>
              </value>
            </param>
          </params>
          <exception class="java.lang.AssertionError">
            <message>
              <![CDATA[No patent for this keyword: Jon]]>
            </message>
            <full-stacktrace>
              <![CDATA[java.lang.AssertionError: No patent for this keyword: Jon
at org.testng.Assert.fail(Assert.java:111)
at testcases.DashboardTest.testSearchFunctionality(DashboardTest.java:62)
at java.base/jdk.internal.reflect.DirectMethodHandleAccessor.invoke(DirectMethodHandleAccessor.java:103)
at java.base/java.lang.reflect.Method.invoke(Method.java:580)
at org.testng.internal.invokers.MethodInvocationHelper.invokeMethod(MethodInvocationHelper.java:141)
at org.testng.internal.invokers.TestInvoker.invokeMethod(TestInvoker.java:686)
at org.testng.internal.invokers.TestInvoker.invokeTestMethod(TestInvoker.java:230)
at org.testng.internal.invokers.MethodRunner.runInSequence(MethodRunner.java:63)
at org.testng.internal.invokers.TestInvoker$MethodInvocationAgent.invoke(TestInvoker.java:992)
at org.testng.internal.invokers.TestInvoker.invokeTestMethods(TestInvoker.java:203)
at org.testng.internal.invokers.TestMethodWorker.invokeTestMethods(TestMethodWorker.java:154)
at org.testng.internal.invokers.TestMethodWorker.run(TestMethodWorker.java:134)
at java.base/java.util.ArrayList.forEach(ArrayList.java:1597)
at org.testng.TestRunner.privateRun(TestRunner.java:739)
at org.testng.TestRunner.run(TestRunner.java:614)
at org.testng.SuiteRunner.runTest(SuiteRunner.java:421)
at org.testng.SuiteRunner.runSequentially(SuiteRunner.java:413)
at org.testng.SuiteRunner.privateRun(SuiteRunner.java:373)
at org.testng.SuiteRunner.run(SuiteRunner.java:312)
at org.testng.SuiteRunnerWorker.runSuite(SuiteRunnerWorker.java:52)
at org.testng.SuiteRunnerWorker.run(SuiteRunnerWorker.java:95)
at org.testng.TestNG.runSuitesSequentially(TestNG.java:1274)
at org.testng.TestNG.runSuitesLocally(TestNG.java:1208)
at org.testng.TestNG.runSuites(TestNG.java:1112)
at org.testng.TestNG.run(TestNG.java:1079)
at org.testng.remote.AbstractRemoteTestNG.run(AbstractRemoteTestNG.java:115)
at org.testng.remote.RemoteTestNG.initAndRun(RemoteTestNG.java:293)
at org.testng.remote.RemoteTestNG.main(RemoteTestNG.java:91)
]]>
            </full-stacktrace>
          </exception> <!-- java.lang.AssertionError -->
          <reporter-output>
          </reporter-output>
        </test-method> <!-- testSearchFunctionality -->
        <test-method is-config="true" signature="tearDownBrowser()[pri:0, instance:testcases.DashboardTest@ae13544]" started-at="2025-05-29T16:24:27 IST" name="tearDownBrowser" finished-at="2025-05-29T16:24:27 IST" duration-ms="213" status="PASS">
          <reporter-output>
          </reporter-output>
        </test-method> <!-- tearDownBrowser -->
      </class> <!-- testcases.DashboardTest -->
    </test> <!-- Default test -->
  </suite> <!-- Default suite -->
</testng-results>
