<?xml version="1.0" encoding="UTF-8"?>
<testng-results ignored="0" total="2" passed="2" failed="0" skipped="0">
  <reporter-output>
  </reporter-output>
  <suite started-at="2025-06-03T17:50:23 IST" name="Default suite" finished-at="2025-06-03T17:51:03 IST" duration-ms="40436">
    <groups>
    </groups>
    <test started-at="2025-06-03T17:50:23 IST" name="Default test" finished-at="2025-06-03T17:51:03 IST" duration-ms="40436">
      <class name="testcases.DashboardTest">
        <test-method is-config="true" signature="Propload()[pri:0, instance:testcases.DashboardTest@ae13544]" started-at="2025-06-03T17:50:23 IST" name="Propload" finished-at="2025-06-03T17:50:23 IST" duration-ms="15" status="PASS">
          <reporter-output>
          </reporter-output>
        </test-method> <!-- Propload -->
        <test-method is-config="true" signature="setUpBrowser()[pri:0, instance:testcases.DashboardTest@ae13544]" started-at="2025-06-03T17:50:23 IST" name="setUpBrowser" finished-at="2025-06-03T17:50:28 IST" duration-ms="4911" status="PASS">
          <reporter-output>
          </reporter-output>
        </test-method> <!-- setUpBrowser -->
        <test-method is-config="true" signature="setup()[pri:0, instance:testcases.DashboardTest@ae13544]" started-at="2025-06-03T17:50:28 IST" name="setup" finished-at="2025-06-03T17:50:28 IST" duration-ms="3" status="PASS">
          <reporter-output>
          </reporter-output>
        </test-method> <!-- setup -->
        <test-method signature="testSearchFunctionality(java.lang.String)[pri:0, instance:testcases.DashboardTest@ae13544]" started-at="2025-06-03T17:50:28 IST" name="testSearchFunctionality" data-provider="searchKeywords" finished-at="2025-06-03T17:50:42 IST" duration-ms="14221" status="PASS">
          <params>
            <param index="0">
              <value>
                <![CDATA[]]>
              </value>
            </param>
          </params>
          <reporter-output>
          </reporter-output>
        </test-method> <!-- testSearchFunctionality -->
        <test-method signature="testSearchFunctionality(java.lang.String)[pri:0, instance:testcases.DashboardTest@ae13544]" started-at="2025-06-03T17:50:42 IST" name="testSearchFunctionality" data-provider="searchKeywords" finished-at="2025-06-03T17:51:03 IST" duration-ms="21020" status="PASS">
          <params>
            <param index="0">
              <value>
                <![CDATA[rop]]>
              </value>
            </param>
          </params>
          <reporter-output>
          </reporter-output>
        </test-method> <!-- testSearchFunctionality -->
        <test-method is-config="true" signature="tearDownBrowser()[pri:0, instance:testcases.DashboardTest@ae13544]" started-at="2025-06-03T17:51:03 IST" name="tearDownBrowser" finished-at="2025-06-03T17:51:03 IST" duration-ms="207" status="PASS">
          <reporter-output>
          </reporter-output>
        </test-method> <!-- tearDownBrowser -->
      </class> <!-- testcases.DashboardTest -->
    </test> <!-- Default test -->
  </suite> <!-- Default suite -->
</testng-results>
